

Microchip Technology PIC18 LITE Macro Assembler V1.35 build -356382666 
                                                                                               Sat Apr  2 14:54:43 2016

Microchip Technology Omniscient Code Generator v1.35 (Free mode) build 201507080246
     1                           	processor	18F2455
     2                           	fnconf	rparam,??,?,0
     3                           	opt	pw 120
     4                           	opt	lm
     5                           	psect	cinit,global,reloc=2,class=CODE,delta=1
     6                           	psect	cstackBANK1,global,class=BANK1,space=1,delta=1
     7                           	psect	cstackCOMRAM,global,class=COMRAM,space=1,delta=1
     8                           	psect	text0,global,reloc=2,class=CODE,delta=1
     9                           	psect	text1,global,reloc=2,class=CODE,delta=1
    10                           	psect	text2,global,reloc=2,class=CODE,delta=1
    11                           	psect	intsave_regs,global,class=BIGRAM,space=1,delta=1
    12                           	psect	rparam,global,class=COMRAM,space=1,delta=1
    13  0000                     _ADCON1	set	4033
    14  0000                     _PORTA	set	3968
    15  0000                     _PORTAbits	set	3968
    16  0000                     _PORTB	set	3969
    17  0000                     _PORTC	set	3970
    18  0000                     _T1CONbits	set	4045
    19  0000                     _TRISA	set	3986
    20  0000                     _TRISB	set	3987
    21  0000                     _TRISC	set	3988
    22                           
    23                           ; #config settings
    24  0000                     
    25                           	psect	cinit
    26  005B20                     __pcinit:
    27                           	opt stack 0
    28  005B20                     start_initialization:
    29                           	opt stack 0
    30  005B20                     __initialization:
    31                           	opt stack 0
    32  005B20                     end_of_initialization:
    33                           	opt stack 0
    34  005B20                     __end_of__initialization:
    35                           	opt stack 0
    36  005B20  0100               	movlb	0
    37  005B22  EFB5  F02D         	goto	_main	;jump to C main() function
    38                           
    39                           	psect	cstackBANK1
    40  000100                     __pcstackBANK1:
    41                           	opt stack 0
    42  000100                     main@ledColour:
    43                           	opt stack 0
    44                           
    45                           ; 176 bytes @ 0x0
    46  000100                     	ds	176
    47  0001B0                     main@changeDelayCounter:
    48                           	opt stack 0
    49                           
    50                           ; 4 bytes @ 0xB0
    51  0001B0                     	ds	4
    52  0001B4                     main@changeDelay:
    53                           	opt stack 0
    54                           
    55                           ; 4 bytes @ 0xB4
    56  0001B4                     	ds	4
    57  0001B8                     main@i_188:
    58                           	opt stack 0
    59                           
    60                           ; 2 bytes @ 0xB8
    61  0001B8                     	ds	2
    62  0001BA                     main@i:
    63                           	opt stack 0
    64                           
    65                           ; 2 bytes @ 0xBA
    66  0001BA                     	ds	2
    67  0001BC                     main@ledIndex:
    68                           	opt stack 0
    69                           
    70                           ; 2 bytes @ 0xBC
    71  0001BC                     	ds	2
    72  0001BE                     main@currentLed:
    73                           	opt stack 0
    74                           
    75                           ; 2 bytes @ 0xBE
    76  0001BE                     	ds	2
    77  0001C0                     main@ledCount:
    78                           	opt stack 0
    79                           
    80                           ; 2 bytes @ 0xC0
    81  0001C0                     	ds	2
    82  0001C2                     main@tempColour:
    83                           	opt stack 0
    84                           
    85                           ; 4 bytes @ 0xC2
    86  0001C2                     	ds	4
    87                           
    88                           	psect	cstackCOMRAM
    89  000001                     __pcstackCOMRAM:
    90                           	opt stack 0
    91  000001                     ??_main:
    92                           
    93                           ; 0 bytes @ 0x0
    94  000001                     	ds	4
    95                           
    96 ;;
    97 ;;Main: autosize = 0, tempsize = 4, incstack = 0, save=0
    98 ;;
    99 ;; *************** function _main *****************
   100 ;; Defined at:
   101 ;;		line 85 in file "newmain.c"
   102 ;; Parameters:    Size  Location     Type
   103 ;;		None
   104 ;; Auto vars:     Size  Location     Type
   105 ;;  tempColour      4  194[BANK1 ] long 
   106 ;;  i               2  184[BANK1 ] int 
   107 ;;  ledIndex        2  188[BANK1 ] int 
   108 ;;  i               2  186[BANK1 ] int 
   109 ;;  ledColour     176    0[BANK1 ] long [44]
   110 ;;  changeDelay     4  180[BANK1 ] long 
   111 ;;  changeDelayC    4  176[BANK1 ] long 
   112 ;;  ledCount        2  192[BANK1 ] const int 
   113 ;;  currentLed      2  190[BANK1 ] int 
   114 ;; Return value:  Size  Location     Type
   115 ;;		None               void
   116 ;; Registers used:
   117 ;;		wreg, fsr2l, fsr2h, status,2, status,0, cstack
   118 ;; Tracked objects:
   119 ;;		On entry : 0/0
   120 ;;		On exit  : 0/0
   121 ;;		Unchanged: 0/0
   122 ;; Data sizes:     COMRAM   BANK0   BANK1   BANK2   BANK3   BANK4   BANK5   BANK6   BANK7
   123 ;;      Params:         0       0       0       0       0       0       0       0       0
   124 ;;      Locals:         0       0     198       0       0       0       0       0       0
   125 ;;      Temps:          4       0       0       0       0       0       0       0       0
   126 ;;      Totals:         4       0     198       0       0       0       0       0       0
   127 ;;Total ram usage:      202 bytes
   128 ;; Hardware stack levels required when called:    1
   129 ;; This function calls:
   130 ;;		_one
   131 ;;		_zero
   132 ;; This function is called by:
   133 ;;		Startup code after reset
   134 ;; This function uses a non-reentrant model
   135 ;;
   136                           
   137                           	psect	text0
   138  005B6A                     __ptext0:
   139                           	opt stack 0
   140  005B6A                     _main:
   141                           	opt stack 30
   142                           
   143                           ;newmain.c: 86: TRISA=0;
   144                           
   145                           ;incstack = 0
   146  005B6A  0E00               	movlw	0
   147  005B6C  6E92               	movwf	3986,c	;volatile
   148                           
   149                           ;newmain.c: 87: TRISB=0;
   150  005B6E  0E00               	movlw	0
   151  005B70  6E93               	movwf	3987,c	;volatile
   152                           
   153                           ;newmain.c: 88: TRISC=0;
   154  005B72  0E00               	movlw	0
   155  005B74  6E94               	movwf	3988,c	;volatile
   156                           
   157                           ;newmain.c: 89: PORTA=0xff;
   158  005B76  6880               	setf	3968,c	;volatile
   159                           
   160                           ;newmain.c: 90: PORTB=0xff;
   161  005B78  6881               	setf	3969,c	;volatile
   162                           
   163                           ;newmain.c: 91: PORTC=0xff;
   164  005B7A  6882               	setf	3970,c	;volatile
   165                           
   166                           ;newmain.c: 93: ADCON1=0b00001111;
   167  005B7C  0E0F               	movlw	15
   168  005B7E  6EC1               	movwf	4033,c	;volatile
   169                           
   170                           ;newmain.c: 94: T1CONbits.TMR1CS = 0;
   171  005B80  92CD               	bcf	4045,1,c	;volatile
   172                           
   173                           ;newmain.c: 95: T1CONbits.T1OSCEN = 0;
   174  005B82  96CD               	bcf	4045,3,c	;volatile
   175                           
   176                           ;newmain.c: 97: const int ledCount = 44;
   177  005B84  0E00               	movlw	0
   178  005B86  0101               	movlb	1	; () banked
   179  005B88  6FC1               	movwf	(main@ledCount+1)& (0+255),b
   180  005B8A  0E2C               	movlw	44
   181  005B8C  6FC0               	movwf	main@ledCount& (0+255),b
   182                           
   183                           ;newmain.c: 98: long ledColour[44];
   184                           ;newmain.c: 100: for(int i = 0; i < ledCount; i++) {
   185  005B8E  0E00               	movlw	0
   186  005B90  0101               	movlb	1	; () banked
   187  005B92  6FBB               	movwf	(main@i+1)& (0+255),b
   188  005B94  0E00               	movlw	0
   189  005B96  6FBA               	movwf	main@i& (0+255),b
   190  005B98                     l1027:
   191                           
   192                           ; BSR set to: 1
   193  005B98  0101               	movlb	1	; () banked
   194  005B9A  51C0               	movf	main@ledCount& (0+255),w,b
   195  005B9C  0101               	movlb	1	; () banked
   196  005B9E  5DBA               	subwf	main@i& (0+255),w,b
   197  005BA0  0101               	movlb	1	; () banked
   198  005BA2  51BB               	movf	(main@i+1)& (0+255),w,b
   199  005BA4  0A80               	xorlw	128
   200  005BA6  6E01               	movwf	??_main& (0+255),c
   201  005BA8  0101               	movlb	1	; () banked
   202  005BAA  51C1               	movf	(main@ledCount+1)& (0+255),w,b
   203  005BAC  0A80               	xorlw	128
   204  005BAE  5801               	subwfb	??_main& (0+255),w,c
   205  005BB0  B0D8               	btfsc	status,0,c
   206  005BB2  D01A               	goto	l1037
   207                           
   208                           ; BSR set to: 1
   209                           ;newmain.c: 101: ledColour[i] = 0;
   210                           
   211                           ; BSR set to: 1
   212                           
   213                           ; BSR set to: 1
   214  005BB4  0E00               	movlw	low main@ledColour
   215  005BB6  6E01               	movwf	??_main& (0+255),c
   216  005BB8  0E01               	movlw	high main@ledColour
   217  005BBA  6E02               	movwf	(??_main+1)& (0+255),c
   218  005BBC  90D8               	bcf	status,0,c
   219  005BBE  0101               	movlb	1	; () banked
   220  005BC0  35BA               	rlcf	main@i& (0+255),w,b
   221  005BC2  6ED9               	movwf	fsr2l,c
   222  005BC4  0101               	movlb	1	; () banked
   223  005BC6  35BB               	rlcf	(main@i+1)& (0+255),w,b
   224  005BC8  6EDA               	movwf	fsr2h,c
   225  005BCA  90D8               	bcf	status,0,c
   226  005BCC  36D9               	rlcf	fsr2l,f,c
   227  005BCE  36DA               	rlcf	fsr2h,f,c
   228  005BD0  5001               	movf	??_main,w,c
   229  005BD2  26D9               	addwf	fsr2l,f,c
   230  005BD4  5002               	movf	??_main+1,w,c
   231  005BD6  22DA               	addwfc	fsr2h,f,c
   232  005BD8  6ADE               	clrf	postinc2,c
   233  005BDA  6ADE               	clrf	postinc2,c
   234  005BDC  6ADE               	clrf	postinc2,c
   235  005BDE  6ADD               	clrf	postdec2,c
   236                           
   237                           ; BSR set to: 1
   238  005BE0  0101               	movlb	1	; () banked
   239  005BE2  4BBA               	infsnz	main@i& (0+255),f,b
   240  005BE4  2BBB               	incf	(main@i+1)& (0+255),f,b
   241  005BE6  D7D8               	goto	l1027
   242  005BE8                     l1037:
   243                           
   244                           ; BSR set to: 1
   245                           ;newmain.c: 102: }
   246                           ;newmain.c: 105: int currentLed = 0;
   247  005BE8  0E00               	movlw	0
   248  005BEA  0101               	movlb	1	; () banked
   249  005BEC  6FBF               	movwf	(main@currentLed+1)& (0+255),b
   250  005BEE  0E00               	movlw	0
   251  005BF0  6FBE               	movwf	main@currentLed& (0+255),b
   252                           
   253                           ;newmain.c: 106: long changeDelay = 10;
   254  005BF2  0E0A               	movlw	10
   255  005BF4  0101               	movlb	1	; () banked
   256  005BF6  6FB4               	movwf	main@changeDelay& (0+255),b
   257  005BF8  0E00               	movlw	0
   258  005BFA  6FB5               	movwf	(main@changeDelay+1)& (0+255),b
   259  005BFC  0E00               	movlw	0
   260  005BFE  6FB6               	movwf	(main@changeDelay+2)& (0+255),b
   261  005C00  0E00               	movlw	0
   262  005C02  6FB7               	movwf	(main@changeDelay+3)& (0+255),b
   263                           
   264                           ; BSR set to: 1
   265                           ;newmain.c: 107: long changeDelayCounter = changeDelay;
   266  005C04  C1B4  F1B0         	movff	main@changeDelay,main@changeDelayCounter
   267  005C08  C1B5  F1B1         	movff	main@changeDelay+1,main@changeDelayCounter+1
   268  005C0C  C1B6  F1B2         	movff	main@changeDelay+2,main@changeDelayCounter+2
   269  005C10  C1B7  F1B3         	movff	main@changeDelay+3,main@changeDelayCounter+3
   270  005C14                     l1041:
   271                           
   272                           ; BSR set to: 1
   273                           ;newmain.c: 151: if(changeDelayCounter-- <= 0) {
   274  005C14  C1B0  F001         	movff	main@changeDelayCounter,??_main
   275  005C18  C1B1  F002         	movff	main@changeDelayCounter+1,??_main+1
   276  005C1C  C1B2  F003         	movff	main@changeDelayCounter+2,??_main+2
   277  005C20  C1B3  F004         	movff	main@changeDelayCounter+3,??_main+3
   278  005C24  0101               	movlb	1	; () banked
   279  005C26  07B0               	decf	main@changeDelayCounter& (0+255),f,b
   280  005C28  0E00               	movlw	0
   281  005C2A  5BB1               	subwfb	(main@changeDelayCounter+1)& (0+255),f,b
   282  005C2C  5BB2               	subwfb	(main@changeDelayCounter+2)& (0+255),f,b
   283  005C2E  5BB3               	subwfb	(main@changeDelayCounter+3)& (0+255),f,b
   284  005C30  BE04               	btfsc	??_main+3,7,c
   285  005C32  D007               	goto	l1043
   286  005C34  5004               	movf	??_main+3,w,c
   287  005C36  1003               	iorwf	??_main+2,w,c
   288  005C38  1002               	iorwf	??_main+1,w,c
   289  005C3A  E138               	bnz	l1053
   290  005C3C  0401               	decf	??_main,w,c
   291  005C3E  B0D8               	btfsc	status,0,c
   292  005C40  D035               	goto	l1053
   293  005C42                     l1043:
   294                           
   295                           ; BSR set to: 1
   296                           ;newmain.c: 152: ledColour[currentLed] = 0;
   297  005C42  0E00               	movlw	low main@ledColour
   298  005C44  6E01               	movwf	??_main& (0+255),c
   299  005C46  0E01               	movlw	high main@ledColour
   300  005C48  6E02               	movwf	(??_main+1)& (0+255),c
   301  005C4A  90D8               	bcf	status,0,c
   302  005C4C  0101               	movlb	1	; () banked
   303  005C4E  35BE               	rlcf	main@currentLed& (0+255),w,b
   304  005C50  6ED9               	movwf	fsr2l,c
   305  005C52  0101               	movlb	1	; () banked
   306  005C54  35BF               	rlcf	(main@currentLed+1)& (0+255),w,b
   307  005C56  6EDA               	movwf	fsr2h,c
   308  005C58  90D8               	bcf	status,0,c
   309  005C5A  36D9               	rlcf	fsr2l,f,c
   310  005C5C  36DA               	rlcf	fsr2h,f,c
   311  005C5E  5001               	movf	??_main,w,c
   312  005C60  26D9               	addwf	fsr2l,f,c
   313  005C62  5002               	movf	??_main+1,w,c
   314  005C64  22DA               	addwfc	fsr2h,f,c
   315  005C66  6ADE               	clrf	postinc2,c
   316  005C68  6ADE               	clrf	postinc2,c
   317  005C6A  6ADE               	clrf	postinc2,c
   318  005C6C  6ADD               	clrf	postdec2,c
   319                           
   320                           ; BSR set to: 1
   321                           ;newmain.c: 153: changeDelayCounter = changeDelay;
   322  005C6E  C1B4  F1B0         	movff	main@changeDelay,main@changeDelayCounter
   323  005C72  C1B5  F1B1         	movff	main@changeDelay+1,main@changeDelayCounter+1
   324  005C76  C1B6  F1B2         	movff	main@changeDelay+2,main@changeDelayCounter+2
   325  005C7A  C1B7  F1B3         	movff	main@changeDelay+3,main@changeDelayCounter+3
   326                           
   327                           ; BSR set to: 1
   328                           ;newmain.c: 154: currentLed++;
   329  005C7E  0101               	movlb	1	; () banked
   330  005C80  4BBE               	infsnz	main@currentLed& (0+255),f,b
   331  005C82  2BBF               	incf	(main@currentLed+1)& (0+255),f,b
   332                           
   333                           ; BSR set to: 1
   334                           ;newmain.c: 155: if(currentLed >= ledCount) {
   335  005C84  0101               	movlb	1	; () banked
   336  005C86  51C0               	movf	main@ledCount& (0+255),w,b
   337  005C88  0101               	movlb	1	; () banked
   338  005C8A  5DBE               	subwf	main@currentLed& (0+255),w,b
   339  005C8C  0101               	movlb	1	; () banked
   340  005C8E  51BF               	movf	(main@currentLed+1)& (0+255),w,b
   341  005C90  0A80               	xorlw	128
   342  005C92  6E01               	movwf	??_main& (0+255),c
   343  005C94  0101               	movlb	1	; () banked
   344  005C96  51C1               	movf	(main@ledCount+1)& (0+255),w,b
   345  005C98  0A80               	xorlw	128
   346  005C9A  5801               	subwfb	??_main& (0+255),w,c
   347  005C9C  A0D8               	btfss	status,0,c
   348  005C9E  D020               	goto	l1055
   349                           
   350                           ; BSR set to: 1
   351                           ;newmain.c: 156: currentLed = 0;
   352  005CA0  0E00               	movlw	0
   353  005CA2  0101               	movlb	1	; () banked
   354  005CA4  6FBF               	movwf	(main@currentLed+1)& (0+255),b
   355  005CA6  0E00               	movlw	0
   356  005CA8  6FBE               	movwf	main@currentLed& (0+255),b
   357                           
   358                           ; BSR set to: 1
   359                           ;newmain.c: 157: }
   360                           ;newmain.c: 158: } else {
   361  005CAA  D01A               	goto	l1055
   362  005CAC                     l1053:
   363                           
   364                           ; BSR set to: 1
   365                           ;newmain.c: 159: ledColour[currentLed] = 0x1f1f1f;
   366  005CAC  0E00               	movlw	low main@ledColour
   367  005CAE  6E01               	movwf	??_main& (0+255),c
   368  005CB0  0E01               	movlw	high main@ledColour
   369  005CB2  6E02               	movwf	(??_main+1)& (0+255),c
   370  005CB4  90D8               	bcf	status,0,c
   371  005CB6  0101               	movlb	1	; () banked
   372  005CB8  35BE               	rlcf	main@currentLed& (0+255),w,b
   373  005CBA  6ED9               	movwf	fsr2l,c
   374  005CBC  0101               	movlb	1	; () banked
   375  005CBE  35BF               	rlcf	(main@currentLed+1)& (0+255),w,b
   376  005CC0  6EDA               	movwf	fsr2h,c
   377  005CC2  90D8               	bcf	status,0,c
   378  005CC4  36D9               	rlcf	fsr2l,f,c
   379  005CC6  36DA               	rlcf	fsr2h,f,c
   380  005CC8  5001               	movf	??_main,w,c
   381  005CCA  26D9               	addwf	fsr2l,f,c
   382  005CCC  5002               	movf	??_main+1,w,c
   383  005CCE  22DA               	addwfc	fsr2h,f,c
   384  005CD0  0E1F               	movlw	31
   385  005CD2  6EDE               	movwf	postinc2,c
   386  005CD4  0E1F               	movlw	31
   387  005CD6  6EDE               	movwf	postinc2,c
   388  005CD8  0E1F               	movlw	31
   389  005CDA  6EDE               	movwf	postinc2,c
   390  005CDC  0E00               	movlw	0
   391  005CDE  6EDD               	movwf	postdec2,c
   392  005CE0                     l1055:
   393                           
   394                           ; BSR set to: 1
   395                           ;newmain.c: 160: }
   396                           ;newmain.c: 162: for(int ledIndex = 0; ledIndex < ledCount; ledIndex++) {
   397  005CE0  0E00               	movlw	0
   398  005CE2  0101               	movlb	1	; () banked
   399  005CE4  6FBD               	movwf	(main@ledIndex+1)& (0+255),b
   400  005CE6  0E00               	movlw	0
   401  005CE8  6FBC               	movwf	main@ledIndex& (0+255),b
   402  005CEA                     l1057:
   403                           
   404                           ; BSR set to: 1
   405  005CEA  0101               	movlb	1	; () banked
   406  005CEC  51C0               	movf	main@ledCount& (0+255),w,b
   407  005CEE  0101               	movlb	1	; () banked
   408  005CF0  5DBC               	subwf	main@ledIndex& (0+255),w,b
   409  005CF2  0101               	movlb	1	; () banked
   410  005CF4  51BD               	movf	(main@ledIndex+1)& (0+255),w,b
   411  005CF6  0A80               	xorlw	128
   412  005CF8  6E01               	movwf	??_main& (0+255),c
   413  005CFA  0101               	movlb	1	; () banked
   414  005CFC  51C1               	movf	(main@ledCount+1)& (0+255),w,b
   415  005CFE  0A80               	xorlw	128
   416  005D00  5801               	subwfb	??_main& (0+255),w,c
   417  005D02  B0D8               	btfsc	status,0,c
   418  005D04  D168               	goto	l1257
   419                           
   420                           ; BSR set to: 1
   421                           ;newmain.c: 163: long tempColour = ledColour[ledIndex];
   422                           
   423                           ; BSR set to: 1
   424                           
   425                           ; BSR set to: 1
   426  005D06  0E00               	movlw	low main@ledColour
   427  005D08  6E01               	movwf	??_main& (0+255),c
   428  005D0A  0E01               	movlw	high main@ledColour
   429  005D0C  6E02               	movwf	(??_main+1)& (0+255),c
   430  005D0E  90D8               	bcf	status,0,c
   431  005D10  0101               	movlb	1	; () banked
   432  005D12  35BC               	rlcf	main@ledIndex& (0+255),w,b
   433  005D14  6ED9               	movwf	fsr2l,c
   434  005D16  0101               	movlb	1	; () banked
   435  005D18  35BD               	rlcf	(main@ledIndex+1)& (0+255),w,b
   436  005D1A  6EDA               	movwf	fsr2h,c
   437  005D1C  90D8               	bcf	status,0,c
   438  005D1E  36D9               	rlcf	fsr2l,f,c
   439  005D20  36DA               	rlcf	fsr2h,f,c
   440  005D22  5001               	movf	??_main,w,c
   441  005D24  26D9               	addwf	fsr2l,f,c
   442  005D26  5002               	movf	??_main+1,w,c
   443  005D28  22DA               	addwfc	fsr2h,f,c
   444  005D2A  CFDE F1C2          	movff	postinc2,main@tempColour
   445  005D2E  CFDE F1C3          	movff	postinc2,main@tempColour+1
   446  005D32  CFDE F1C4          	movff	postinc2,main@tempColour+2
   447  005D36  CFDE F1C5          	movff	postinc2,main@tempColour+3
   448                           
   449                           ; BSR set to: 1
   450                           ;newmain.c: 164: ((tempColour & 1) == 0) ? zero() : one();
   451  005D3A  0101               	movlb	1	; () banked
   452  005D3C  B1C2               	btfsc	main@tempColour& (0+255),0,b
   453  005D3E  D003               	goto	l1067
   454                           
   455                           ; BSR set to: 1
   456  005D40  ECA4  F02D         	call	_zero	;wreg free
   457  005D44  D002               	goto	l1069
   458  005D46                     l1067:
   459  005D46  EC93  F02D         	call	_one	;wreg free
   460  005D4A                     l1069:
   461                           
   462                           ;newmain.c: 165: tempColour >>= 1; ((tempColour & 1) == 0) ? zero() : one();
   463  005D4A  0101               	movlb	1	; () banked
   464  005D4C  35C5               	rlcf	(main@tempColour+3)& (0+255),w,b
   465  005D4E  33C5               	rrcf	(main@tempColour+3)& (0+255),f,b
   466  005D50  33C4               	rrcf	(main@tempColour+2)& (0+255),f,b
   467  005D52  33C3               	rrcf	(main@tempColour+1)& (0+255),f,b
   468  005D54  33C2               	rrcf	main@tempColour& (0+255),f,b
   469                           
   470                           ; BSR set to: 1
   471  005D56  0101               	movlb	1	; () banked
   472  005D58  B1C2               	btfsc	main@tempColour& (0+255),0,b
   473  005D5A  D003               	goto	l1075
   474                           
   475                           ; BSR set to: 1
   476  005D5C  ECA4  F02D         	call	_zero	;wreg free
   477  005D60  D002               	goto	l1077
   478  005D62                     l1075:
   479  005D62  EC93  F02D         	call	_one	;wreg free
   480  005D66                     l1077:
   481                           
   482                           ;newmain.c: 166: tempColour >>= 1; ((tempColour & 1) == 0) ? zero() : one();
   483  005D66  0101               	movlb	1	; () banked
   484  005D68  35C5               	rlcf	(main@tempColour+3)& (0+255),w,b
   485  005D6A  33C5               	rrcf	(main@tempColour+3)& (0+255),f,b
   486  005D6C  33C4               	rrcf	(main@tempColour+2)& (0+255),f,b
   487  005D6E  33C3               	rrcf	(main@tempColour+1)& (0+255),f,b
   488  005D70  33C2               	rrcf	main@tempColour& (0+255),f,b
   489                           
   490                           ; BSR set to: 1
   491  005D72  0101               	movlb	1	; () banked
   492  005D74  B1C2               	btfsc	main@tempColour& (0+255),0,b
   493  005D76  D003               	goto	l1083
   494                           
   495                           ; BSR set to: 1
   496  005D78  ECA4  F02D         	call	_zero	;wreg free
   497  005D7C  D002               	goto	l1085
   498  005D7E                     l1083:
   499  005D7E  EC93  F02D         	call	_one	;wreg free
   500  005D82                     l1085:
   501                           
   502                           ;newmain.c: 167: tempColour >>= 1; ((tempColour & 1) == 0) ? zero() : one();
   503  005D82  0101               	movlb	1	; () banked
   504  005D84  35C5               	rlcf	(main@tempColour+3)& (0+255),w,b
   505  005D86  33C5               	rrcf	(main@tempColour+3)& (0+255),f,b
   506  005D88  33C4               	rrcf	(main@tempColour+2)& (0+255),f,b
   507  005D8A  33C3               	rrcf	(main@tempColour+1)& (0+255),f,b
   508  005D8C  33C2               	rrcf	main@tempColour& (0+255),f,b
   509                           
   510                           ; BSR set to: 1
   511  005D8E  0101               	movlb	1	; () banked
   512  005D90  B1C2               	btfsc	main@tempColour& (0+255),0,b
   513  005D92  D003               	goto	l1091
   514                           
   515                           ; BSR set to: 1
   516  005D94  ECA4  F02D         	call	_zero	;wreg free
   517  005D98  D002               	goto	l1093
   518  005D9A                     l1091:
   519  005D9A  EC93  F02D         	call	_one	;wreg free
   520  005D9E                     l1093:
   521                           
   522                           ;newmain.c: 169: tempColour >>= 1; ((tempColour & 1) == 0) ? zero() : one();
   523  005D9E  0101               	movlb	1	; () banked
   524  005DA0  35C5               	rlcf	(main@tempColour+3)& (0+255),w,b
   525  005DA2  33C5               	rrcf	(main@tempColour+3)& (0+255),f,b
   526  005DA4  33C4               	rrcf	(main@tempColour+2)& (0+255),f,b
   527  005DA6  33C3               	rrcf	(main@tempColour+1)& (0+255),f,b
   528  005DA8  33C2               	rrcf	main@tempColour& (0+255),f,b
   529                           
   530                           ; BSR set to: 1
   531  005DAA  0101               	movlb	1	; () banked
   532  005DAC  B1C2               	btfsc	main@tempColour& (0+255),0,b
   533  005DAE  D003               	goto	l1099
   534                           
   535                           ; BSR set to: 1
   536  005DB0  ECA4  F02D         	call	_zero	;wreg free
   537  005DB4  D002               	goto	l1101
   538  005DB6                     l1099:
   539  005DB6  EC93  F02D         	call	_one	;wreg free
   540  005DBA                     l1101:
   541                           
   542                           ;newmain.c: 170: tempColour >>= 1; ((tempColour & 1) == 0) ? zero() : one();
   543  005DBA  0101               	movlb	1	; () banked
   544  005DBC  35C5               	rlcf	(main@tempColour+3)& (0+255),w,b
   545  005DBE  33C5               	rrcf	(main@tempColour+3)& (0+255),f,b
   546  005DC0  33C4               	rrcf	(main@tempColour+2)& (0+255),f,b
   547  005DC2  33C3               	rrcf	(main@tempColour+1)& (0+255),f,b
   548  005DC4  33C2               	rrcf	main@tempColour& (0+255),f,b
   549                           
   550                           ; BSR set to: 1
   551  005DC6  0101               	movlb	1	; () banked
   552  005DC8  B1C2               	btfsc	main@tempColour& (0+255),0,b
   553  005DCA  D003               	goto	l1107
   554                           
   555                           ; BSR set to: 1
   556  005DCC  ECA4  F02D         	call	_zero	;wreg free
   557  005DD0  D002               	goto	l1109
   558  005DD2                     l1107:
   559  005DD2  EC93  F02D         	call	_one	;wreg free
   560  005DD6                     l1109:
   561                           
   562                           ;newmain.c: 171: tempColour >>= 1; ((tempColour & 1) == 0) ? zero() : one();
   563  005DD6  0101               	movlb	1	; () banked
   564  005DD8  35C5               	rlcf	(main@tempColour+3)& (0+255),w,b
   565  005DDA  33C5               	rrcf	(main@tempColour+3)& (0+255),f,b
   566  005DDC  33C4               	rrcf	(main@tempColour+2)& (0+255),f,b
   567  005DDE  33C3               	rrcf	(main@tempColour+1)& (0+255),f,b
   568  005DE0  33C2               	rrcf	main@tempColour& (0+255),f,b
   569                           
   570                           ; BSR set to: 1
   571  005DE2  0101               	movlb	1	; () banked
   572  005DE4  B1C2               	btfsc	main@tempColour& (0+255),0,b
   573  005DE6  D003               	goto	l1115
   574                           
   575                           ; BSR set to: 1
   576  005DE8  ECA4  F02D         	call	_zero	;wreg free
   577  005DEC  D002               	goto	l1117
   578  005DEE                     l1115:
   579  005DEE  EC93  F02D         	call	_one	;wreg free
   580  005DF2                     l1117:
   581                           
   582                           ;newmain.c: 172: tempColour >>= 1; ((tempColour & 1) == 0) ? zero() : one();
   583  005DF2  0101               	movlb	1	; () banked
   584  005DF4  35C5               	rlcf	(main@tempColour+3)& (0+255),w,b
   585  005DF6  33C5               	rrcf	(main@tempColour+3)& (0+255),f,b
   586  005DF8  33C4               	rrcf	(main@tempColour+2)& (0+255),f,b
   587  005DFA  33C3               	rrcf	(main@tempColour+1)& (0+255),f,b
   588  005DFC  33C2               	rrcf	main@tempColour& (0+255),f,b
   589                           
   590                           ; BSR set to: 1
   591  005DFE  0101               	movlb	1	; () banked
   592  005E00  B1C2               	btfsc	main@tempColour& (0+255),0,b
   593  005E02  D003               	goto	l1123
   594                           
   595                           ; BSR set to: 1
   596  005E04  ECA4  F02D         	call	_zero	;wreg free
   597  005E08  D002               	goto	l1125
   598  005E0A                     l1123:
   599  005E0A  EC93  F02D         	call	_one	;wreg free
   600  005E0E                     l1125:
   601                           
   602                           ;newmain.c: 174: tempColour >>= 1; ((tempColour & 1) == 0) ? zero() : one();
   603  005E0E  0101               	movlb	1	; () banked
   604  005E10  35C5               	rlcf	(main@tempColour+3)& (0+255),w,b
   605  005E12  33C5               	rrcf	(main@tempColour+3)& (0+255),f,b
   606  005E14  33C4               	rrcf	(main@tempColour+2)& (0+255),f,b
   607  005E16  33C3               	rrcf	(main@tempColour+1)& (0+255),f,b
   608  005E18  33C2               	rrcf	main@tempColour& (0+255),f,b
   609                           
   610                           ; BSR set to: 1
   611  005E1A  0101               	movlb	1	; () banked
   612  005E1C  B1C2               	btfsc	main@tempColour& (0+255),0,b
   613  005E1E  D003               	goto	l1131
   614                           
   615                           ; BSR set to: 1
   616  005E20  ECA4  F02D         	call	_zero	;wreg free
   617  005E24  D002               	goto	l1133
   618  005E26                     l1131:
   619  005E26  EC93  F02D         	call	_one	;wreg free
   620  005E2A                     l1133:
   621                           
   622                           ;newmain.c: 175: tempColour >>= 1; ((tempColour & 1) == 0) ? zero() : one();
   623  005E2A  0101               	movlb	1	; () banked
   624  005E2C  35C5               	rlcf	(main@tempColour+3)& (0+255),w,b
   625  005E2E  33C5               	rrcf	(main@tempColour+3)& (0+255),f,b
   626  005E30  33C4               	rrcf	(main@tempColour+2)& (0+255),f,b
   627  005E32  33C3               	rrcf	(main@tempColour+1)& (0+255),f,b
   628  005E34  33C2               	rrcf	main@tempColour& (0+255),f,b
   629                           
   630                           ; BSR set to: 1
   631  005E36  0101               	movlb	1	; () banked
   632  005E38  B1C2               	btfsc	main@tempColour& (0+255),0,b
   633  005E3A  D003               	goto	l1139
   634                           
   635                           ; BSR set to: 1
   636  005E3C  ECA4  F02D         	call	_zero	;wreg free
   637  005E40  D002               	goto	l1141
   638  005E42                     l1139:
   639  005E42  EC93  F02D         	call	_one	;wreg free
   640  005E46                     l1141:
   641                           
   642                           ;newmain.c: 176: tempColour >>= 1; ((tempColour & 1) == 0) ? zero() : one();
   643  005E46  0101               	movlb	1	; () banked
   644  005E48  35C5               	rlcf	(main@tempColour+3)& (0+255),w,b
   645  005E4A  33C5               	rrcf	(main@tempColour+3)& (0+255),f,b
   646  005E4C  33C4               	rrcf	(main@tempColour+2)& (0+255),f,b
   647  005E4E  33C3               	rrcf	(main@tempColour+1)& (0+255),f,b
   648  005E50  33C2               	rrcf	main@tempColour& (0+255),f,b
   649                           
   650                           ; BSR set to: 1
   651  005E52  0101               	movlb	1	; () banked
   652  005E54  B1C2               	btfsc	main@tempColour& (0+255),0,b
   653  005E56  D003               	goto	l1147
   654                           
   655                           ; BSR set to: 1
   656  005E58  ECA4  F02D         	call	_zero	;wreg free
   657  005E5C  D002               	goto	l1149
   658  005E5E                     l1147:
   659  005E5E  EC93  F02D         	call	_one	;wreg free
   660  005E62                     l1149:
   661                           
   662                           ;newmain.c: 177: tempColour >>= 1; ((tempColour & 1) == 0) ? zero() : one();
   663  005E62  0101               	movlb	1	; () banked
   664  005E64  35C5               	rlcf	(main@tempColour+3)& (0+255),w,b
   665  005E66  33C5               	rrcf	(main@tempColour+3)& (0+255),f,b
   666  005E68  33C4               	rrcf	(main@tempColour+2)& (0+255),f,b
   667  005E6A  33C3               	rrcf	(main@tempColour+1)& (0+255),f,b
   668  005E6C  33C2               	rrcf	main@tempColour& (0+255),f,b
   669                           
   670                           ; BSR set to: 1
   671  005E6E  0101               	movlb	1	; () banked
   672  005E70  B1C2               	btfsc	main@tempColour& (0+255),0,b
   673  005E72  D003               	goto	l1155
   674                           
   675                           ; BSR set to: 1
   676  005E74  ECA4  F02D         	call	_zero	;wreg free
   677  005E78  D002               	goto	l1157
   678  005E7A                     l1155:
   679  005E7A  EC93  F02D         	call	_one	;wreg free
   680  005E7E                     l1157:
   681                           
   682                           ;newmain.c: 179: tempColour >>= 1; ((tempColour & 1) == 0) ? zero() : one();
   683  005E7E  0101               	movlb	1	; () banked
   684  005E80  35C5               	rlcf	(main@tempColour+3)& (0+255),w,b
   685  005E82  33C5               	rrcf	(main@tempColour+3)& (0+255),f,b
   686  005E84  33C4               	rrcf	(main@tempColour+2)& (0+255),f,b
   687  005E86  33C3               	rrcf	(main@tempColour+1)& (0+255),f,b
   688  005E88  33C2               	rrcf	main@tempColour& (0+255),f,b
   689                           
   690                           ; BSR set to: 1
   691  005E8A  0101               	movlb	1	; () banked
   692  005E8C  B1C2               	btfsc	main@tempColour& (0+255),0,b
   693  005E8E  D003               	goto	l1163
   694                           
   695                           ; BSR set to: 1
   696  005E90  ECA4  F02D         	call	_zero	;wreg free
   697  005E94  D002               	goto	l1165
   698  005E96                     l1163:
   699  005E96  EC93  F02D         	call	_one	;wreg free
   700  005E9A                     l1165:
   701                           
   702                           ;newmain.c: 180: tempColour >>= 1; ((tempColour & 1) == 0) ? zero() : one();
   703  005E9A  0101               	movlb	1	; () banked
   704  005E9C  35C5               	rlcf	(main@tempColour+3)& (0+255),w,b
   705  005E9E  33C5               	rrcf	(main@tempColour+3)& (0+255),f,b
   706  005EA0  33C4               	rrcf	(main@tempColour+2)& (0+255),f,b
   707  005EA2  33C3               	rrcf	(main@tempColour+1)& (0+255),f,b
   708  005EA4  33C2               	rrcf	main@tempColour& (0+255),f,b
   709                           
   710                           ; BSR set to: 1
   711  005EA6  0101               	movlb	1	; () banked
   712  005EA8  B1C2               	btfsc	main@tempColour& (0+255),0,b
   713  005EAA  D003               	goto	l1171
   714                           
   715                           ; BSR set to: 1
   716  005EAC  ECA4  F02D         	call	_zero	;wreg free
   717  005EB0  D002               	goto	l1173
   718  005EB2                     l1171:
   719  005EB2  EC93  F02D         	call	_one	;wreg free
   720  005EB6                     l1173:
   721                           
   722                           ;newmain.c: 181: tempColour >>= 1; ((tempColour & 1) == 0) ? zero() : one();
   723  005EB6  0101               	movlb	1	; () banked
   724  005EB8  35C5               	rlcf	(main@tempColour+3)& (0+255),w,b
   725  005EBA  33C5               	rrcf	(main@tempColour+3)& (0+255),f,b
   726  005EBC  33C4               	rrcf	(main@tempColour+2)& (0+255),f,b
   727  005EBE  33C3               	rrcf	(main@tempColour+1)& (0+255),f,b
   728  005EC0  33C2               	rrcf	main@tempColour& (0+255),f,b
   729                           
   730                           ; BSR set to: 1
   731  005EC2  0101               	movlb	1	; () banked
   732  005EC4  B1C2               	btfsc	main@tempColour& (0+255),0,b
   733  005EC6  D003               	goto	l1179
   734                           
   735                           ; BSR set to: 1
   736  005EC8  ECA4  F02D         	call	_zero	;wreg free
   737  005ECC  D002               	goto	l1181
   738  005ECE                     l1179:
   739  005ECE  EC93  F02D         	call	_one	;wreg free
   740  005ED2                     l1181:
   741                           
   742                           ;newmain.c: 182: tempColour >>= 1; ((tempColour & 1) == 0) ? zero() : one();
   743  005ED2  0101               	movlb	1	; () banked
   744  005ED4  35C5               	rlcf	(main@tempColour+3)& (0+255),w,b
   745  005ED6  33C5               	rrcf	(main@tempColour+3)& (0+255),f,b
   746  005ED8  33C4               	rrcf	(main@tempColour+2)& (0+255),f,b
   747  005EDA  33C3               	rrcf	(main@tempColour+1)& (0+255),f,b
   748  005EDC  33C2               	rrcf	main@tempColour& (0+255),f,b
   749                           
   750                           ; BSR set to: 1
   751  005EDE  0101               	movlb	1	; () banked
   752  005EE0  B1C2               	btfsc	main@tempColour& (0+255),0,b
   753  005EE2  D003               	goto	l1187
   754                           
   755                           ; BSR set to: 1
   756  005EE4  ECA4  F02D         	call	_zero	;wreg free
   757  005EE8  D002               	goto	l1189
   758  005EEA                     l1187:
   759  005EEA  EC93  F02D         	call	_one	;wreg free
   760  005EEE                     l1189:
   761                           
   762                           ;newmain.c: 184: tempColour >>= 1; ((tempColour & 1) == 0) ? zero() : one();
   763  005EEE  0101               	movlb	1	; () banked
   764  005EF0  35C5               	rlcf	(main@tempColour+3)& (0+255),w,b
   765  005EF2  33C5               	rrcf	(main@tempColour+3)& (0+255),f,b
   766  005EF4  33C4               	rrcf	(main@tempColour+2)& (0+255),f,b
   767  005EF6  33C3               	rrcf	(main@tempColour+1)& (0+255),f,b
   768  005EF8  33C2               	rrcf	main@tempColour& (0+255),f,b
   769                           
   770                           ; BSR set to: 1
   771  005EFA  0101               	movlb	1	; () banked
   772  005EFC  B1C2               	btfsc	main@tempColour& (0+255),0,b
   773  005EFE  D003               	goto	l1195
   774                           
   775                           ; BSR set to: 1
   776  005F00  ECA4  F02D         	call	_zero	;wreg free
   777  005F04  D002               	goto	l1197
   778  005F06                     l1195:
   779  005F06  EC93  F02D         	call	_one	;wreg free
   780  005F0A                     l1197:
   781                           
   782                           ;newmain.c: 185: tempColour >>= 1; ((tempColour & 1) == 0) ? zero() : one();
   783  005F0A  0101               	movlb	1	; () banked
   784  005F0C  35C5               	rlcf	(main@tempColour+3)& (0+255),w,b
   785  005F0E  33C5               	rrcf	(main@tempColour+3)& (0+255),f,b
   786  005F10  33C4               	rrcf	(main@tempColour+2)& (0+255),f,b
   787  005F12  33C3               	rrcf	(main@tempColour+1)& (0+255),f,b
   788  005F14  33C2               	rrcf	main@tempColour& (0+255),f,b
   789                           
   790                           ; BSR set to: 1
   791  005F16  0101               	movlb	1	; () banked
   792  005F18  B1C2               	btfsc	main@tempColour& (0+255),0,b
   793  005F1A  D003               	goto	l1203
   794                           
   795                           ; BSR set to: 1
   796  005F1C  ECA4  F02D         	call	_zero	;wreg free
   797  005F20  D002               	goto	l1205
   798  005F22                     l1203:
   799  005F22  EC93  F02D         	call	_one	;wreg free
   800  005F26                     l1205:
   801                           
   802                           ;newmain.c: 186: tempColour >>= 1; ((tempColour & 1) == 0) ? zero() : one();
   803  005F26  0101               	movlb	1	; () banked
   804  005F28  35C5               	rlcf	(main@tempColour+3)& (0+255),w,b
   805  005F2A  33C5               	rrcf	(main@tempColour+3)& (0+255),f,b
   806  005F2C  33C4               	rrcf	(main@tempColour+2)& (0+255),f,b
   807  005F2E  33C3               	rrcf	(main@tempColour+1)& (0+255),f,b
   808  005F30  33C2               	rrcf	main@tempColour& (0+255),f,b
   809                           
   810                           ; BSR set to: 1
   811  005F32  0101               	movlb	1	; () banked
   812  005F34  B1C2               	btfsc	main@tempColour& (0+255),0,b
   813  005F36  D003               	goto	l1211
   814                           
   815                           ; BSR set to: 1
   816  005F38  ECA4  F02D         	call	_zero	;wreg free
   817  005F3C  D002               	goto	l1213
   818  005F3E                     l1211:
   819  005F3E  EC93  F02D         	call	_one	;wreg free
   820  005F42                     l1213:
   821                           
   822                           ;newmain.c: 187: tempColour >>= 1; ((tempColour & 1) == 0) ? zero() : one();
   823  005F42  0101               	movlb	1	; () banked
   824  005F44  35C5               	rlcf	(main@tempColour+3)& (0+255),w,b
   825  005F46  33C5               	rrcf	(main@tempColour+3)& (0+255),f,b
   826  005F48  33C4               	rrcf	(main@tempColour+2)& (0+255),f,b
   827  005F4A  33C3               	rrcf	(main@tempColour+1)& (0+255),f,b
   828  005F4C  33C2               	rrcf	main@tempColour& (0+255),f,b
   829                           
   830                           ; BSR set to: 1
   831  005F4E  0101               	movlb	1	; () banked
   832  005F50  B1C2               	btfsc	main@tempColour& (0+255),0,b
   833  005F52  D003               	goto	l1219
   834                           
   835                           ; BSR set to: 1
   836  005F54  ECA4  F02D         	call	_zero	;wreg free
   837  005F58  D002               	goto	l1221
   838  005F5A                     l1219:
   839  005F5A  EC93  F02D         	call	_one	;wreg free
   840  005F5E                     l1221:
   841                           
   842                           ;newmain.c: 189: tempColour >>= 1; ((tempColour & 1) == 0) ? zero() : one();
   843  005F5E  0101               	movlb	1	; () banked
   844  005F60  35C5               	rlcf	(main@tempColour+3)& (0+255),w,b
   845  005F62  33C5               	rrcf	(main@tempColour+3)& (0+255),f,b
   846  005F64  33C4               	rrcf	(main@tempColour+2)& (0+255),f,b
   847  005F66  33C3               	rrcf	(main@tempColour+1)& (0+255),f,b
   848  005F68  33C2               	rrcf	main@tempColour& (0+255),f,b
   849                           
   850                           ; BSR set to: 1
   851  005F6A  0101               	movlb	1	; () banked
   852  005F6C  B1C2               	btfsc	main@tempColour& (0+255),0,b
   853  005F6E  D003               	goto	l1227
   854                           
   855                           ; BSR set to: 1
   856  005F70  ECA4  F02D         	call	_zero	;wreg free
   857  005F74  D002               	goto	l1229
   858  005F76                     l1227:
   859  005F76  EC93  F02D         	call	_one	;wreg free
   860  005F7A                     l1229:
   861                           
   862                           ;newmain.c: 190: tempColour >>= 1; ((tempColour & 1) == 0) ? zero() : one();
   863  005F7A  0101               	movlb	1	; () banked
   864  005F7C  35C5               	rlcf	(main@tempColour+3)& (0+255),w,b
   865  005F7E  33C5               	rrcf	(main@tempColour+3)& (0+255),f,b
   866  005F80  33C4               	rrcf	(main@tempColour+2)& (0+255),f,b
   867  005F82  33C3               	rrcf	(main@tempColour+1)& (0+255),f,b
   868  005F84  33C2               	rrcf	main@tempColour& (0+255),f,b
   869                           
   870                           ; BSR set to: 1
   871  005F86  0101               	movlb	1	; () banked
   872  005F88  B1C2               	btfsc	main@tempColour& (0+255),0,b
   873  005F8A  D003               	goto	l1235
   874                           
   875                           ; BSR set to: 1
   876  005F8C  ECA4  F02D         	call	_zero	;wreg free
   877  005F90  D002               	goto	l1237
   878  005F92                     l1235:
   879  005F92  EC93  F02D         	call	_one	;wreg free
   880  005F96                     l1237:
   881                           
   882                           ;newmain.c: 191: tempColour >>= 1; ((tempColour & 1) == 0) ? zero() : one();
   883  005F96  0101               	movlb	1	; () banked
   884  005F98  35C5               	rlcf	(main@tempColour+3)& (0+255),w,b
   885  005F9A  33C5               	rrcf	(main@tempColour+3)& (0+255),f,b
   886  005F9C  33C4               	rrcf	(main@tempColour+2)& (0+255),f,b
   887  005F9E  33C3               	rrcf	(main@tempColour+1)& (0+255),f,b
   888  005FA0  33C2               	rrcf	main@tempColour& (0+255),f,b
   889                           
   890                           ; BSR set to: 1
   891  005FA2  0101               	movlb	1	; () banked
   892  005FA4  B1C2               	btfsc	main@tempColour& (0+255),0,b
   893  005FA6  D003               	goto	l1243
   894                           
   895                           ; BSR set to: 1
   896  005FA8  ECA4  F02D         	call	_zero	;wreg free
   897  005FAC  D002               	goto	l1245
   898  005FAE                     l1243:
   899  005FAE  EC93  F02D         	call	_one	;wreg free
   900  005FB2                     l1245:
   901                           
   902                           ;newmain.c: 192: tempColour >>= 1; ((tempColour & 1) == 0) ? zero() : one();
   903  005FB2  0101               	movlb	1	; () banked
   904  005FB4  35C5               	rlcf	(main@tempColour+3)& (0+255),w,b
   905  005FB6  33C5               	rrcf	(main@tempColour+3)& (0+255),f,b
   906  005FB8  33C4               	rrcf	(main@tempColour+2)& (0+255),f,b
   907  005FBA  33C3               	rrcf	(main@tempColour+1)& (0+255),f,b
   908  005FBC  33C2               	rrcf	main@tempColour& (0+255),f,b
   909                           
   910                           ; BSR set to: 1
   911  005FBE  0101               	movlb	1	; () banked
   912  005FC0  B1C2               	btfsc	main@tempColour& (0+255),0,b
   913  005FC2  D003               	goto	l1251
   914                           
   915                           ; BSR set to: 1
   916  005FC4  ECA4  F02D         	call	_zero	;wreg free
   917  005FC8  D002               	goto	l1253
   918  005FCA                     l1251:
   919  005FCA  EC93  F02D         	call	_one	;wreg free
   920  005FCE                     l1253:
   921  005FCE  0101               	movlb	1	; () banked
   922  005FD0  4BBC               	infsnz	main@ledIndex& (0+255),f,b
   923  005FD2  2BBD               	incf	(main@ledIndex+1)& (0+255),f,b
   924  005FD4  D68A               	goto	l1057
   925  005FD6                     l1257:
   926                           
   927                           ; BSR set to: 1
   928                           ;newmain.c: 193: }
   929                           ;newmain.c: 195: for(int i = 0; i < 1000; i++) {
   930  005FD6  0E00               	movlw	0
   931  005FD8  0101               	movlb	1	; () banked
   932  005FDA  6FB9               	movwf	(main@i_188+1)& (0+255),b
   933  005FDC  0E00               	movlw	0
   934  005FDE  6FB8               	movwf	main@i_188& (0+255),b
   935  005FE0                     l1259:
   936                           
   937                           ; BSR set to: 1
   938  005FE0  0101               	movlb	1	; () banked
   939  005FE2  BFB9               	btfsc	(main@i_188+1)& (0+255),7,b
   940  005FE4  D008               	goto	l143
   941  005FE6  0EE8               	movlw	232
   942  005FE8  0101               	movlb	1	; () banked
   943  005FEA  5DB8               	subwf	main@i_188& (0+255),w,b
   944  005FEC  0E03               	movlw	3
   945  005FEE  0101               	movlb	1	; () banked
   946  005FF0  59B9               	subwfb	(main@i_188+1)& (0+255),w,b
   947  005FF2  B0D8               	btfsc	status,0,c
   948  005FF4  D60F               	goto	l1041
   949  005FF6                     l143:
   950                           
   951                           ; BSR set to: 1
   952                           ;newmain.c: 196: PORTAbits.RA0=0;
   953  005FF6  9080               	bcf	3968,0,c	;volatile
   954                           
   955                           ; BSR set to: 1
   956  005FF8  0101               	movlb	1	; () banked
   957  005FFA  4BB8               	infsnz	main@i_188& (0+255),f,b
   958  005FFC  2BB9               	incf	(main@i_188+1)& (0+255),f,b
   959  005FFE  D7F0               	goto	l1259
   960  006000                     __end_of_main:
   961                           	opt stack 0
   962                           postinc2	equ	0xFDE
   963                           postdec2	equ	0xFDD
   964                           fsr2h	equ	0xFDA
   965                           fsr2l	equ	0xFD9
   966                           status	equ	0xFD8
   967                           
   968 ;; *************** function _zero *****************
   969 ;; Defined at:
   970 ;;		line 64 in file "newmain.c"
   971 ;; Parameters:    Size  Location     Type
   972 ;;		None
   973 ;; Auto vars:     Size  Location     Type
   974 ;;		None
   975 ;; Return value:  Size  Location     Type
   976 ;;		None               void
   977 ;; Registers used:
   978 ;;		None
   979 ;; Tracked objects:
   980 ;;		On entry : 0/0
   981 ;;		On exit  : 0/0
   982 ;;		Unchanged: 0/0
   983 ;; Data sizes:     COMRAM   BANK0   BANK1   BANK2   BANK3   BANK4   BANK5   BANK6   BANK7
   984 ;;      Params:         0       0       0       0       0       0       0       0       0
   985 ;;      Locals:         0       0       0       0       0       0       0       0       0
   986 ;;      Temps:          0       0       0       0       0       0       0       0       0
   987 ;;      Totals:         0       0       0       0       0       0       0       0       0
   988 ;;Total ram usage:        0 bytes
   989 ;; Hardware stack levels used:    1
   990 ;; This function calls:
   991 ;;		Nothing
   992 ;; This function is called by:
   993 ;;		_main
   994 ;; This function uses a non-reentrant model
   995 ;;
   996                           
   997                           	psect	text1
   998  005B48                     __ptext1:
   999                           	opt stack 0
  1000  005B48                     _zero:
  1001                           	opt stack 30
  1002                           
  1003                           ;newmain.c: 66: PORTAbits.RA0=1;
  1004                           
  1005                           ; BSR set to: 1
  1006                           ;incstack = 0
  1007  005B48  8080               	bsf	3968,0,c	;volatile
  1008                           
  1009                           ;newmain.c: 67: PORTAbits.RA0=1;
  1010  005B4A  8080               	bsf	3968,0,c	;volatile
  1011                           
  1012                           ;newmain.c: 68: PORTAbits.RA0=1;
  1013  005B4C  8080               	bsf	3968,0,c	;volatile
  1014                           
  1015                           ;newmain.c: 69: PORTAbits.RA0=1;
  1016  005B4E  8080               	bsf	3968,0,c	;volatile
  1017                           
  1018                           ;newmain.c: 70: PORTAbits.RA0=1;
  1019  005B50  8080               	bsf	3968,0,c	;volatile
  1020                           
  1021                           ;newmain.c: 71: PORTAbits.RA0=0;
  1022  005B52  9080               	bcf	3968,0,c	;volatile
  1023                           
  1024                           ;newmain.c: 72: PORTAbits.RA0=0;
  1025  005B54  9080               	bcf	3968,0,c	;volatile
  1026                           
  1027                           ;newmain.c: 73: PORTAbits.RA0=0;
  1028  005B56  9080               	bcf	3968,0,c	;volatile
  1029                           
  1030                           ;newmain.c: 74: PORTAbits.RA0=0;
  1031  005B58  9080               	bcf	3968,0,c	;volatile
  1032                           
  1033                           ;newmain.c: 75: PORTAbits.RA0=0;
  1034  005B5A  9080               	bcf	3968,0,c	;volatile
  1035                           
  1036                           ;newmain.c: 76: PORTAbits.RA0=0;
  1037  005B5C  9080               	bcf	3968,0,c	;volatile
  1038                           
  1039                           ;newmain.c: 77: PORTAbits.RA0=0;
  1040  005B5E  9080               	bcf	3968,0,c	;volatile
  1041                           
  1042                           ;newmain.c: 78: PORTAbits.RA0=0;
  1043  005B60  9080               	bcf	3968,0,c	;volatile
  1044                           
  1045                           ;newmain.c: 79: PORTAbits.RA0=0;
  1046  005B62  9080               	bcf	3968,0,c	;volatile
  1047                           
  1048                           ;newmain.c: 80: PORTAbits.RA0=0;
  1049  005B64  9080               	bcf	3968,0,c	;volatile
  1050                           
  1051                           ;newmain.c: 81: PORTAbits.RA0=0;
  1052  005B66  9080               	bcf	3968,0,c	;volatile
  1053  005B68  0012               	return		;funcret
  1054  005B6A                     __end_of_zero:
  1055                           	opt stack 0
  1056                           postinc2	equ	0xFDE
  1057                           postdec2	equ	0xFDD
  1058                           fsr2h	equ	0xFDA
  1059                           fsr2l	equ	0xFD9
  1060                           status	equ	0xFD8
  1061                           
  1062 ;; *************** function _one *****************
  1063 ;; Defined at:
  1064 ;;		line 30 in file "newmain.c"
  1065 ;; Parameters:    Size  Location     Type
  1066 ;;		None
  1067 ;; Auto vars:     Size  Location     Type
  1068 ;;		None
  1069 ;; Return value:  Size  Location     Type
  1070 ;;		None               void
  1071 ;; Registers used:
  1072 ;;		None
  1073 ;; Tracked objects:
  1074 ;;		On entry : 0/0
  1075 ;;		On exit  : 0/0
  1076 ;;		Unchanged: 0/0
  1077 ;; Data sizes:     COMRAM   BANK0   BANK1   BANK2   BANK3   BANK4   BANK5   BANK6   BANK7
  1078 ;;      Params:         0       0       0       0       0       0       0       0       0
  1079 ;;      Locals:         0       0       0       0       0       0       0       0       0
  1080 ;;      Temps:          0       0       0       0       0       0       0       0       0
  1081 ;;      Totals:         0       0       0       0       0       0       0       0       0
  1082 ;;Total ram usage:        0 bytes
  1083 ;; Hardware stack levels used:    1
  1084 ;; This function calls:
  1085 ;;		Nothing
  1086 ;; This function is called by:
  1087 ;;		_main
  1088 ;; This function uses a non-reentrant model
  1089 ;;
  1090                           
  1091                           	psect	text2
  1092  005B26                     __ptext2:
  1093                           	opt stack 0
  1094  005B26                     _one:
  1095                           	opt stack 30
  1096                           
  1097                           ;newmain.c: 32: PORTAbits.RA0=1;
  1098                           
  1099                           ;incstack = 0
  1100  005B26  8080               	bsf	3968,0,c	;volatile
  1101                           
  1102                           ;newmain.c: 33: PORTAbits.RA0=1;
  1103  005B28  8080               	bsf	3968,0,c	;volatile
  1104                           
  1105                           ;newmain.c: 34: PORTAbits.RA0=1;
  1106  005B2A  8080               	bsf	3968,0,c	;volatile
  1107                           
  1108                           ;newmain.c: 35: PORTAbits.RA0=1;
  1109  005B2C  8080               	bsf	3968,0,c	;volatile
  1110                           
  1111                           ;newmain.c: 36: PORTAbits.RA0=1;
  1112  005B2E  8080               	bsf	3968,0,c	;volatile
  1113                           
  1114                           ;newmain.c: 37: PORTAbits.RA0=1;
  1115  005B30  8080               	bsf	3968,0,c	;volatile
  1116                           
  1117                           ;newmain.c: 38: PORTAbits.RA0=1;
  1118  005B32  8080               	bsf	3968,0,c	;volatile
  1119                           
  1120                           ;newmain.c: 39: PORTAbits.RA0=1;
  1121  005B34  8080               	bsf	3968,0,c	;volatile
  1122                           
  1123                           ;newmain.c: 40: PORTAbits.RA0=1;
  1124  005B36  8080               	bsf	3968,0,c	;volatile
  1125                           
  1126                           ;newmain.c: 41: PORTAbits.RA0=1;
  1127  005B38  8080               	bsf	3968,0,c	;volatile
  1128                           
  1129                           ;newmain.c: 42: PORTAbits.RA0=0;
  1130  005B3A  9080               	bcf	3968,0,c	;volatile
  1131                           
  1132                           ;newmain.c: 43: PORTAbits.RA0=0;
  1133  005B3C  9080               	bcf	3968,0,c	;volatile
  1134                           
  1135                           ;newmain.c: 44: PORTAbits.RA0=0;
  1136  005B3E  9080               	bcf	3968,0,c	;volatile
  1137                           
  1138                           ;newmain.c: 45: PORTAbits.RA0=0;
  1139  005B40  9080               	bcf	3968,0,c	;volatile
  1140                           
  1141                           ;newmain.c: 46: PORTAbits.RA0=0;
  1142  005B42  9080               	bcf	3968,0,c	;volatile
  1143                           
  1144                           ;newmain.c: 47: PORTAbits.RA0=0;
  1145  005B44  9080               	bcf	3968,0,c	;volatile
  1146  005B46  0012               	return		;funcret
  1147  005B48                     __end_of_one:
  1148                           	opt stack 0
  1149  0000                     postinc2	equ	0xFDE
  1150                           postdec2	equ	0xFDD
  1151                           fsr2h	equ	0xFDA
  1152                           fsr2l	equ	0xFD9
  1153                           status	equ	0xFD8
  1154                           postinc2	equ	0xFDE
  1155                           postdec2	equ	0xFDD
  1156                           fsr2h	equ	0xFDA
  1157                           fsr2l	equ	0xFD9
  1158                           status	equ	0xFD8
  1159                           
  1160                           	psect	rparam
  1161  0000                     postinc2	equ	0xFDE
  1162                           postdec2	equ	0xFDD
  1163                           fsr2h	equ	0xFDA
  1164                           fsr2l	equ	0xFD9
  1165                           status	equ	0xFD8


Data Sizes:
    Strings     0
    Constant    0
    Data        0
    BSS         0
    Persistent  0
    Stack       0

Auto Spaces:
    Space          Size  Autos    Used
    COMRAM           95      4       4
    BANK0           160      0       0
    BANK1           256    198     198
    BANK2           256      0       0
    BANK3           256      0       0
    BANK4           256      0       0
    BANK5           256      0       0
    BANK6           256      0       0
    BANK7           256      0       0

Pointer List with Targets:

    None.

Critical Paths under _main in COMRAM

    None.

Critical Paths under _main in BANK0

    None.

Critical Paths under _main in BANK1

    None.

Critical Paths under _main in BANK2

    None.

Critical Paths under _main in BANK3

    None.

Critical Paths under _main in BANK4

    None.

Critical Paths under _main in BANK5

    None.

Critical Paths under _main in BANK6

    None.

Critical Paths under _main in BANK7

    None.

Call Graph Tables:

 ---------------------------------------------------------------------------------
 (Depth) Function   	        Calls       Base Space   Used Autos Params    Refs
 ---------------------------------------------------------------------------------
 (0) _main                                               202   202      0    1078
                                              0 COMRAM     4     4      0
                                              0 BANK1    198   198      0
                                _one
                               _zero
 ---------------------------------------------------------------------------------
 (1) _zero                                                 0     0      0       0
 ---------------------------------------------------------------------------------
 (1) _one                                                  0     0      0       0
 ---------------------------------------------------------------------------------
 Estimated maximum stack depth 1
 ---------------------------------------------------------------------------------

 Call Graph Graphs:

 _main (ROOT)
   _one
   _zero

 Address spaces:
Name               Size   Autos  Total    Cost      Usage
BITCOMRAM           5F      0       0       0        0.0%
EEDATA             100      0       0       0        0.0%
NULL                 0      0       0       0        0.0%
CODE                 0      0       0       0        0.0%
COMRAM              5F      4       4       1        4.2%
STACK                0      0       0       2        0.0%
DATA                 0      0       0       3        0.0%
BITBANK0            A0      0       0       4        0.0%
BANK0               A0      0       0       5        0.0%
BITBANK1           100      0       0       6        0.0%
BANK1              100     C6      C6       7       77.3%
BITBANK2           100      0       0       8        0.0%
BANK2              100      0       0       9        0.0%
BITBANK3           100      0       0      10        0.0%
BANK3              100      0       0      11        0.0%
BITBANK4           100      0       0      12        0.0%
BANK4              100      0       0      13        0.0%
BITBANK5           100      0       0      14        0.0%
BANK5              100      0       0      15        0.0%
BITBANK6           100      0       0      16        0.0%
BANK6              100      0       0      17        0.0%
BITBANK7           100      0       0      18        0.0%
BANK7              100      0       0      19        0.0%
ABS                  0      0       0      20        0.0%
BIGRAM             7FF      0       0      21        0.0%
BITSFR               0      0       0      40        0.0%
SFR                  0      0       0      40        0.0%


Microchip Technology PIC18 Macro Assembler V1.35 build -356382666 
Symbol Table                                                                                   Sat Apr  2 14:54:43 2016

            __CFG_BOR$ON 000000              __CFG_BORV$3 000000             __CFG_CP0$OFF 000000  
           __CFG_CP1$OFF 000000             __CFG_CP2$OFF 000000                      l143 5FF6  
           __CFG_CPB$OFF 000000             __CFG_CPD$OFF 000000                      _one 5B26  
           __CFG_LVP$OFF 000000             __CFG_WDT$OFF 000000                     l1101 5DBA  
                   l1041 5C14                     l1211 5F3E                     l1203 5F22  
                   l1131 5E26                     l1123 5E0A                     l1115 5DEE  
                   l1107 5DD2                     l1043 5C42                     l1027 5B98  
                   l1221 5F5E                     l1213 5F42                     l1205 5F26  
                   l1141 5E46                     l1133 5E2A                     l1125 5E0E  
                   l1117 5DF2                     l1109 5DD6                     l1053 5CAC  
                   l1037 5BE8                     l1055 5CE0                     l1057 5CEA  
                   l1251 5FCA                     l1243 5FAE                     l1235 5F92  
                   l1227 5F76                     l1219 5F5A                     l1171 5EB2  
                   l1163 5E96                     l1155 5E7A                     l1147 5E5E  
                   l1139 5E42                     l1091 5D9A                     l1083 5D7E  
                   l1075 5D62                     l1067 5D46                     l1253 5FCE  
                   l1245 5FB2                     l1237 5F96                     l1229 5F7A  
                   l1181 5ED2                     l1173 5EB6                     l1165 5E9A  
                   l1157 5E7E                     l1149 5E62                     l1093 5D9E  
                   l1085 5D82                     l1077 5D66                     l1069 5D4A  
                   l1257 5FD6                     l1259 5FE0                     l1195 5F06  
                   l1187 5EEA                     l1179 5ECE                     l1099 5DB6  
                   l1197 5F0A                     l1189 5EEE                     ?_one 0001  
                   _main 5B6A                     fsr2h 000FDA                     fsr2l 000FD9  
                   _zero 5B48                     start 0000            __CFG_IESO$OFF 000000  
          __CFG_MCLRE$ON 000000             ___param_bank 000010                    ??_one 0001  
           main@ledCount 01C0             main@ledIndex 01BC            __CFG_PLLDIV$5 000000  
         __CFG_CCP2MX$ON 000000                    ?_main 0001                    ?_zero 0001  
                  _PORTA 000F80                    _PORTB 000F81                    _PORTC 000F82  
          __CFG_USBDIV$1 000000                    _TRISA 000F92                    _TRISB 000F93  
                  _TRISC 000F94            __CFG_PWRT$OFF 000000            __CFG_WRT0$OFF 000000  
          __CFG_WRT1$OFF 000000            __CFG_WRT2$OFF 000000           __CFG_EBTR0$OFF 000000  
         __CFG_FCMEN$OFF 000000           __CFG_EBTR1$OFF 000000           __CFG_EBTR2$OFF 000000  
          __CFG_WRTB$OFF 000000            __CFG_WRTC$OFF 000000            __CFG_WRTD$OFF 000000  
         __CFG_EBTRB$OFF 000000                    main@i 01BA                    status 000FD8  
        __initialization 5B20             __end_of_main 6000             __end_of_zero 5B6A  
                 ??_main 0001                   ??_zero 0001            __activetblptr 000000  
 main@changeDelayCounter 01B0            main@ledColour 0100                   _ADCON1 000FC1  
         __CFG_XINST$OFF 000000           __CFG_STVREN$ON 000000               __accesstop 0060  
__end_of__initialization 5B20          __CFG_PBADEN$OFF 000000            ___rparam_used 000001  
         __pcstackCOMRAM 0001           main@currentLed 01BE          __CFG_VREGEN$OFF 000000  
                __Hparam 0000                  __Lparam 0000                  __pcinit 5B20  
                __ramtop 0800                  __ptext0 5B6A                  __ptext1 5B48  
                __ptext2 5B26                _T1CONbits 000FCD           main@tempColour 01C2  
           __size_of_one 0022     end_of_initialization 5B20                  postdec2 000FDD  
                postinc2 000FDE                _PORTAbits 000F80          main@changeDelay 01B4  
    start_initialization 5B20              __end_of_one 5B48         __CFG_LPT1OSC$OFF 000000  
          __pcstackBANK1 0100         __CFG_WDTPS$32768 000000                main@i_188 01B8  
               __Hrparam 0000                 __Lrparam 0000            __size_of_main 0496  
          __size_of_zero 0022    __CFG_CPUDIV$OSC1_PLL2 000000       __CFG_FOSC$HSPLL_HS 000000  
